<?xml version="1.0" encoding="UTF-8"?>
<!-- Generated by org.testng.reporters.JUnitReportReporter -->
<testsuite skipped="0" hostname="HOME" name="DataProviders.ReadExcelUsingMAP2" tests="3" failures="0" timestamp="20 Feb 2019 20:15:27 GMT" time="0.033" errors="0">
  <testcase name="integrationTest" time="0.010" classname="DataProviders.ReadExcelUsingMAP2"/>
  <testcase name="integrationTest" time="0.021" classname="DataProviders.ReadExcelUsingMAP2"/>
  <testcase name="integrationTest" time="0.002" classname="DataProviders.ReadExcelUsingMAP2"/>
</testsuite> <!-- DataProviders.ReadExcelUsingMAP2 -->
