<?xml version="1.0" encoding="UTF-8"?>
<!-- Generated by org.testng.reporters.JUnitReportReporter -->
<testsuite skipped="0" hostname="HOME" name="DataProviders.ReadExcelUsingMAP" tests="3" failures="0" timestamp="22 Feb 2019 17:03:17 GMT" time="0.027" errors="0">
  <testcase name="integrationTest" time="0.021" classname="DataProviders.ReadExcelUsingMAP"/>
  <testcase name="integrationTest" time="0.002" classname="DataProviders.ReadExcelUsingMAP"/>
  <testcase name="integrationTest" time="0.004" classname="DataProviders.ReadExcelUsingMAP"/>
</testsuite> <!-- DataProviders.ReadExcelUsingMAP -->
